DEBUG JavaFX Application Thread org.jboss.weld.Bootstrap - WELD-000106: Bean: Managed Bean [class br.com.generic.dao.rules.LessThanRule] with qualifiers [@Any @Default]
DEBUG JavaFX Application Thread org.jboss.weld.Bootstrap - WELD-000106: Bean: WELD%AbstractBuiltInBean%C:\Users\henrique.luiz\git\generic-dao\generic-dao\target\classes%BoundRequestContext
DEBUG JavaFX Application Thread org.jboss.weld.Bootstrap - WELD-000106: Bean: Managed Bean [class br.com.generic.dao.rules.IsNullRule] with qualifiers [@Any @Default]
DEBUG JavaFX Application Thread org.jboss.weld.Bootstrap - WELD-000106: Bean: Managed Bean [class br.com.generic.dao.rules.GreaterThanOrEqualToRule] with qualifiers [@Any @Default]
DEBUG JavaFX Application Thread org.jboss.weld.Bootstrap - WELD-000106: Bean: Managed Bean [class br.com.generic.dao.rules.IsNotMemberRule] with qualifiers [@Any @Default]
DEBUG JavaFX Application Thread org.jboss.weld.Bootstrap - WELD-000106: Bean: Managed Bean [class br.com.generic.dao.Parameter] with qualifiers [@Any @Default]
DEBUG JavaFX Application Thread org.jboss.weld.Bootstrap - WELD-000106: Bean: Managed Bean [class br.com.generic.dao.rules.GreaterThanRule] with qualifiers [@Any @Default]
DEBUG JavaFX Application Thread org.jboss.weld.Bootstrap - WELD-000106: Bean: Implicit Bean [javax.enterprise.inject.spi.EventMetadata] with qualifiers [@Default]
DEBUG JavaFX Application Thread org.jboss.weld.Bootstrap - WELD-000106: Bean: Managed Bean [class br.com.datarey.test.Controller] with qualifiers [@Any @Default]
DEBUG JavaFX Application Thread org.jboss.weld.Bootstrap - WELD-000106: Bean: Producer Method [FXMLLoader] with qualifiers [@Any @Default] declared as [[BackedAnnotatedMethod] @Produces public br.com.datarey.cdi.FXMLLoaderProducer.createLoader()]
DEBUG JavaFX Application Thread org.jboss.weld.Bootstrap - WELD-000106: Bean: Managed Bean [class br.com.datarey.component.input.IntegerInput] with qualifiers [@Any @Default]
DEBUG JavaFX Application Thread org.jboss.weld.Bootstrap - WELD-000106: Bean: Managed Bean [class br.com.datarey.test.Test] with qualifiers [@Any @Default]
DEBUG JavaFX Application Thread org.jboss.weld.Bootstrap - WELD-000106: Bean: Implicit Bean [javax.enterprise.inject.spi.EventMetadata] with qualifiers [@Default]
DEBUG JavaFX Application Thread org.jboss.weld.Bootstrap - WELD-000106: Bean: WELD%AbstractBuiltInBean%C:\Users\henrique.luiz\git\infra-javaFX\infra-javaFX\target\classes%BoundSessionContext
DEBUG JavaFX Application Thread org.jboss.weld.Bootstrap - WELD-000106: Bean: WELD%AbstractBuiltInBean%C:\Users\henrique.luiz\git\infra-javaFX\infra-javaFX\target\classes%Conversation
DEBUG JavaFX Application Thread org.jboss.weld.Bootstrap - WELD-000106: Bean: Managed Bean [class br.com.datarey.component.input.Dinheiro3Input] with qualifiers [@Any @Default]
DEBUG JavaFX Application Thread org.jboss.weld.Bootstrap - WELD-000106: Bean: Managed Bean [class br.com.datarey.controller.exeption.ImpossivelObterValorException] with qualifiers [@Any @Default]
DEBUG JavaFX Application Thread org.jboss.weld.Bootstrap - WELD-000106: Bean: Managed Bean [class br.com.datarey.test.Main] with qualifiers [@Any @Default]
DEBUG JavaFX Application Thread org.jboss.weld.Bootstrap - WELD-000106: Bean: Implicit Bean [javax.enterprise.inject.spi.Decorator] with qualifiers [@Default]
DEBUG JavaFX Application Thread org.jboss.weld.Bootstrap - WELD-000106: Bean: WELD%AbstractBuiltInBean%C:\Users\henrique.luiz\git\infra-javaFX\infra-javaFX\target\classes%ApplicationContext
DEBUG JavaFX Application Thread org.jboss.weld.Bootstrap - WELD-000106: Bean: Managed Bean [class br.com.datarey.test.TestWindow] with qualifiers [@Any @Default]
DEBUG JavaFX Application Thread org.jboss.weld.Bootstrap - WELD-000106: Bean: Managed Bean [class br.com.datarey.controller.exeption.ImpossivelObterNovaInstanciaException] with qualifiers [@Any @Default]
DEBUG JavaFX Application Thread org.jboss.weld.Bootstrap - WELD-000106: Bean: WELD%AbstractBuiltInBean%C:\Users\henrique.luiz\git\infra-javaFX\infra-javaFX\target\classes%SingletonContext
DEBUG JavaFX Application Thread org.jboss.weld.Bootstrap - WELD-000106: Bean: Managed Bean [class br.com.datarey.util.UtilDataBind] with qualifiers [@Any @Default]
DEBUG JavaFX Application Thread org.jboss.weld.Bootstrap - WELD-000106: Bean: WELD%AbstractBuiltInBean%C:\Users\henrique.luiz\git\infra-javaFX\infra-javaFX\target\classes%RequestContext
DEBUG JavaFX Application Thread org.jboss.weld.Bootstrap - WELD-000106: Bean: Implicit Bean [javax.enterprise.inject.spi.Bean] with qualifiers [@Decorated]
DEBUG JavaFX Application Thread org.jboss.weld.Bootstrap - WELD-000106: Bean: Implicit Bean [javax.enterprise.inject.spi.Bean] with qualifiers [@Intercepted]
DEBUG JavaFX Application Thread org.jboss.weld.Bootstrap - WELD-000106: Bean: Managed Bean [class br.com.datarey.component.input.PercentualInput] with qualifiers [@Any @Default]
DEBUG JavaFX Application Thread org.jboss.weld.Bootstrap - WELD-000106: Bean: Implicit Bean [javax.enterprise.inject.Instance] with qualifiers [@Default]
DEBUG JavaFX Application Thread org.jboss.weld.Bootstrap - WELD-000106: Bean: WELD%AbstractBuiltInBean%C:\Users\henrique.luiz\git\infra-javaFX\infra-javaFX\target\classes%DependentContext
DEBUG JavaFX Application Thread org.jboss.weld.Bootstrap - WELD-000106: Bean: Managed Bean [class br.com.datarey.frame.UsuarioSearchPopUp] with qualifiers [@Any @Default]
DEBUG JavaFX Application Thread org.jboss.weld.Bootstrap - WELD-000106: Bean: Implicit Bean [javax.enterprise.inject.spi.InjectionPoint] with qualifiers [@Default]
DEBUG JavaFX Application Thread org.jboss.weld.Bootstrap - WELD-000106: Bean: Managed Bean [class br.com.datarey.component.input.MedidaInput] with qualifiers [@Any @Default]
DEBUG JavaFX Application Thread org.jboss.weld.Bootstrap - WELD-000106: Bean: Managed Bean [class br.com.datarey.component.input.DoubleInput] with qualifiers [@Any @Default]
DEBUG JavaFX Application Thread org.jboss.weld.Bootstrap - WELD-000106: Bean: Managed Bean [class br.com.datarey.component.input.UsuarioInput] with qualifiers [@Any @Default]
DEBUG JavaFX Application Thread org.jboss.weld.Bootstrap - WELD-000106: Bean: Managed Bean [class br.com.datarey.frame.dialog.ItemTipoPesquisaConverter] with qualifiers [@Any @Default]
DEBUG JavaFX Application Thread org.jboss.weld.Bootstrap - WELD-000106: Bean: Managed Bean [class br.com.datarey.component.input.Dinheiro4Input] with qualifiers [@Any @Default]
DEBUG JavaFX Application Thread org.jboss.weld.Bootstrap - WELD-000106: Bean: Implicit Bean [javax.enterprise.inject.spi.Bean] with qualifiers [@Default]
DEBUG JavaFX Application Thread org.jboss.weld.Bootstrap - WELD-000106: Bean: Implicit Bean [javax.enterprise.event.Event] with qualifiers [@Default]
DEBUG JavaFX Application Thread org.jboss.weld.Bootstrap - WELD-000106: Bean: Managed Bean [class br.com.datarey.component.input.FatorConversaoInput] with qualifiers [@Any @Default]
DEBUG JavaFX Application Thread org.jboss.weld.Bootstrap - WELD-000106: Bean: WELD%AbstractBuiltInBean%C:\Users\henrique.luiz\git\infra-javaFX\infra-javaFX\target\classes%BoundConversationContext
DEBUG JavaFX Application Thread org.jboss.weld.Bootstrap - WELD-000106: Bean: Managed Bean [class br.com.datarey.util.MessageUtilImpl] with qualifiers [@Any @Default]
DEBUG JavaFX Application Thread org.jboss.weld.Bootstrap - WELD-000106: Bean: Managed Bean [class br.com.datarey.component.input.LongInput] with qualifiers [@Any @Default]
DEBUG JavaFX Application Thread org.jboss.weld.Bootstrap - WELD-000106: Bean: Implicit Bean [javax.enterprise.inject.spi.Interceptor] with qualifiers [@Default]
DEBUG JavaFX Application Thread org.jboss.weld.Bootstrap - WELD-000106: Bean: WELD%AbstractBuiltInBean%C:\Users\henrique.luiz\git\infra-javaFX\infra-javaFX\target\classes%BoundRequestContext
DEBUG JavaFX Application Thread org.jboss.weld.Bootstrap - WELD-000106: Bean: Managed Bean [class br.com.datarey.component.input.DinheiroInput] with qualifiers [@Any @Default]
DEBUG JavaFX Application Thread org.jboss.weld.Bootstrap - WELD-000106: Bean: Managed Bean [class br.com.datarey.test.entity.Usuario] with qualifiers [@Any @Default]
DEBUG JavaFX Application Thread org.jboss.weld.Bootstrap - WELD-000106: Bean: Managed Bean [class br.com.datarey.frame.UsuarioSearchController] with qualifiers [@Any @Default]
DEBUG JavaFX Application Thread org.jboss.weld.Bootstrap - WELD-000106: Bean: Managed Bean [class br.com.datarey.cdi.FXMLLoaderProducer] with qualifiers [@Any @Default]
DEBUG JavaFX Application Thread org.jboss.weld.Bootstrap - WELD-000109: ObserverMethod: [BackedAnnotatedMethod] public br.com.datarey.frame.dialog.BaseSearchController.onAddRegistroEvent(@Observes AddRegistroResponceEvent)
DEBUG JavaFX Application Thread org.jboss.weld.Bootstrap - WELD-000106: Bean: WELD%AbstractBuiltInBean%org.jboss.weld.environment.deployment.WeldDeployment.additionalClasses%DependentContext
DEBUG JavaFX Application Thread org.jboss.weld.Bootstrap - WELD-000106: Bean: Implicit Bean [javax.enterprise.inject.spi.Bean] with qualifiers [@Decorated]
DEBUG JavaFX Application Thread org.jboss.weld.Bootstrap - WELD-000106: Bean: WELD%AbstractBuiltInBean%org.jboss.weld.environment.deployment.WeldDeployment.additionalClasses%BoundConversationContext
DEBUG JavaFX Application Thread org.jboss.weld.Bootstrap - WELD-000106: Bean: Implicit Bean [javax.enterprise.inject.spi.Bean] with qualifiers [@Intercepted]
DEBUG JavaFX Application Thread org.jboss.weld.Bootstrap - WELD-000106: Bean: Implicit Bean [javax.enterprise.inject.spi.Bean] with qualifiers [@Default]
DEBUG JavaFX Application Thread org.jboss.weld.Bootstrap - WELD-000106: Bean: Producer Method [String[]] with qualifiers [@Parameters @Any] declared as [[UnbackedAnnotatedMethod] @Produces @Parameters public org.jboss.weld.environment.se.beans.ParametersFactory.getArgsAsArray()]
DEBUG JavaFX Application Thread org.jboss.weld.Bootstrap - WELD-000106: Bean: Producer Method [List<String>] with qualifiers [@Parameters @Any] declared as [[UnbackedAnnotatedMethod] @Produces @Parameters public org.jboss.weld.environment.se.beans.ParametersFactory.getArgs()]
DEBUG JavaFX Application Thread org.jboss.weld.Bootstrap - WELD-000106: Bean: WELD%AbstractBuiltInBean%org.jboss.weld.environment.deployment.WeldDeployment.additionalClasses%BoundSessionContext
DEBUG JavaFX Application Thread org.jboss.weld.Bootstrap - WELD-000106: Bean: WELD%AbstractBuiltInBean%org.jboss.weld.environment.deployment.WeldDeployment.additionalClasses%ApplicationContext
DEBUG JavaFX Application Thread org.jboss.weld.Bootstrap - WELD-000106: Bean: Implicit Bean [javax.enterprise.inject.spi.Decorator] with qualifiers [@Default]
DEBUG JavaFX Application Thread org.jboss.weld.Bootstrap - WELD-000106: Bean: WELD%AbstractBuiltInBean%org.jboss.weld.environment.deployment.WeldDeployment.additionalClasses%RequestContext
DEBUG JavaFX Application Thread org.jboss.weld.Bootstrap - WELD-000106: Bean: Implicit Bean [javax.enterprise.event.Event] with qualifiers [@Default]
DEBUG JavaFX Application Thread org.jboss.weld.Bootstrap - WELD-000106: Bean: Implicit Bean [javax.enterprise.inject.spi.InjectionPoint] with qualifiers [@Default]
DEBUG JavaFX Application Thread org.jboss.weld.Bootstrap - WELD-000106: Bean: Managed Bean [class org.jboss.weld.environment.se.WeldContainer] with qualifiers [@Any @Default]
DEBUG JavaFX Application Thread org.jboss.weld.Bootstrap - WELD-000106: Bean: Managed Bean [class org.jboss.weld.environment.se.beans.ParametersFactory] with qualifiers [@Any @Default]
DEBUG JavaFX Application Thread org.jboss.weld.Bootstrap - WELD-000106: Bean: WELD%AbstractBuiltInBean%org.jboss.weld.environment.deployment.WeldDeployment.additionalClasses%Conversation
DEBUG JavaFX Application Thread org.jboss.weld.Bootstrap - WELD-000106: Bean: Implicit Bean [javax.enterprise.inject.spi.Interceptor] with qualifiers [@Default]
DEBUG JavaFX Application Thread org.jboss.weld.Bootstrap - WELD-000106: Bean: Implicit Bean [javax.enterprise.inject.Instance] with qualifiers [@Default]
DEBUG JavaFX Application Thread org.jboss.weld.Bootstrap - WELD-000106: Bean: Implicit Bean [javax.enterprise.inject.spi.EventMetadata] with qualifiers [@Default]
DEBUG JavaFX Application Thread org.jboss.weld.Bootstrap - WELD-000106: Bean: Managed Bean [class org.jboss.weld.environment.se.beans.InstanceManager] with qualifiers [@Any @Default]
DEBUG JavaFX Application Thread org.jboss.weld.Bootstrap - WELD-000106: Bean: WELD%AbstractBuiltInBean%org.jboss.weld.environment.deployment.WeldDeployment.additionalClasses%BoundRequestContext
DEBUG JavaFX Application Thread org.jboss.weld.Bootstrap - WELD-000106: Bean: WELD%AbstractBuiltInBean%org.jboss.weld.environment.deployment.WeldDeployment.additionalClasses%SingletonContext
DEBUG JavaFX Application Thread org.jboss.weld.Bootstrap - WELD-000106: Bean: WELD%AbstractBuiltInBean%C:\Users\henrique.luiz\git\farma-fx-app\farma-FX-app\target\classes%ApplicationContext
DEBUG JavaFX Application Thread org.jboss.weld.Bootstrap - WELD-000106: Bean: Implicit Bean [javax.enterprise.inject.spi.Decorator] with qualifiers [@Default]
DEBUG JavaFX Application Thread org.jboss.weld.Bootstrap - WELD-000106: Bean: Implicit Bean [javax.enterprise.inject.spi.Bean] with qualifiers [@Default]
DEBUG JavaFX Application Thread org.jboss.weld.Bootstrap - WELD-000106: Bean: WELD%AbstractBuiltInBean%C:\Users\henrique.luiz\git\farma-fx-app\farma-FX-app\target\classes%DependentContext
DEBUG JavaFX Application Thread org.jboss.weld.Bootstrap - WELD-000106: Bean: Implicit Bean [javax.enterprise.inject.spi.InjectionPoint] with qualifiers [@Default]
DEBUG JavaFX Application Thread org.jboss.weld.Bootstrap - WELD-000106: Bean: WELD%AbstractBuiltInBean%C:\Users\henrique.luiz\git\farma-fx-app\farma-FX-app\target\classes%BoundConversationContext
DEBUG JavaFX Application Thread org.jboss.weld.Bootstrap - WELD-000106: Bean: Implicit Bean [javax.enterprise.inject.spi.Bean] with qualifiers [@Intercepted]
DEBUG JavaFX Application Thread org.jboss.weld.Bootstrap - WELD-000106: Bean: Implicit Bean [javax.enterprise.inject.spi.Interceptor] with qualifiers [@Default]
DEBUG JavaFX Application Thread org.jboss.weld.Bootstrap - WELD-000106: Bean: Implicit Bean [javax.enterprise.inject.spi.Bean] with qualifiers [@Decorated]
DEBUG JavaFX Application Thread org.jboss.weld.Bootstrap - WELD-000106: Bean: WELD%AbstractBuiltInBean%C:\Users\henrique.luiz\git\farma-fx-app\farma-FX-app\target\classes%RequestContext
DEBUG JavaFX Application Thread org.jboss.weld.Bootstrap - WELD-000106: Bean: Implicit Bean [javax.enterprise.inject.spi.EventMetadata] with qualifiers [@Default]
DEBUG JavaFX Application Thread org.jboss.weld.Bootstrap - WELD-000106: Bean: WELD%AbstractBuiltInBean%C:\Users\henrique.luiz\git\farma-fx-app\farma-FX-app\target\classes%Conversation
DEBUG JavaFX Application Thread org.jboss.weld.Bootstrap - WELD-000106: Bean: WELD%AbstractBuiltInBean%C:\Users\henrique.luiz\git\farma-fx-app\farma-FX-app\target\classes%SingletonContext
DEBUG JavaFX Application Thread org.jboss.weld.Bootstrap - WELD-000106: Bean: Implicit Bean [javax.enterprise.event.Event] with qualifiers [@Default]
DEBUG JavaFX Application Thread org.jboss.weld.Bootstrap - WELD-000106: Bean: Implicit Bean [javax.enterprise.inject.Instance] with qualifiers [@Default]
DEBUG JavaFX Application Thread org.jboss.weld.Bootstrap - WELD-000106: Bean: WELD%AbstractBuiltInBean%C:\Users\henrique.luiz\git\farma-fx-app\farma-FX-app\target\classes%BoundSessionContext
DEBUG JavaFX Application Thread org.jboss.weld.Bootstrap - WELD-000106: Bean: WELD%AbstractBuiltInBean%C:\Users\henrique.luiz\git\farma-fx-app\farma-FX-app\target\classes%BoundRequestContext
DEBUG JavaFX Application Thread org.jboss.weld.Bootstrap - WELD-000106: Bean: Implicit Bean [javax.enterprise.inject.spi.Interceptor] with qualifiers [@Default]
DEBUG JavaFX Application Thread org.jboss.weld.Bootstrap - WELD-000106: Bean: Implicit Bean [javax.enterprise.inject.spi.EventMetadata] with qualifiers [@Default]
DEBUG JavaFX Application Thread org.jboss.weld.Bootstrap - WELD-000106: Bean: Implicit Bean [javax.enterprise.inject.spi.Decorator] with qualifiers [@Default]
DEBUG JavaFX Application Thread org.jboss.weld.Bootstrap - WELD-000106: Bean: Managed Bean [class br.com.datarey.Init] with qualifiers [@Any @Default]
DEBUG JavaFX Application Thread org.jboss.weld.Bootstrap - WELD-000106: Bean: Managed Bean [class br.com.datarey.sys.menu.MenuController] with qualifiers [@Any @Default]
DEBUG JavaFX Application Thread org.jboss.weld.Bootstrap - WELD-000106: Bean: Implicit Bean [javax.enterprise.inject.spi.Bean] with qualifiers [@Decorated]
DEBUG JavaFX Application Thread org.jboss.weld.Bootstrap - WELD-000106: Bean: Implicit Bean [javax.enterprise.event.Event] with qualifiers [@Default]
DEBUG JavaFX Application Thread org.jboss.weld.Bootstrap - WELD-000106: Bean: WELD%AbstractBuiltInBean%C:\Users\henrique.luiz\git\farma-fx-view\farma-FX-view\target\classes%Conversation
DEBUG JavaFX Application Thread org.jboss.weld.Bootstrap - WELD-000106: Bean: Managed Bean [class br.com.datarey.sys.usuario.CadastroUsuario] with qualifiers [@Any @Default]
DEBUG JavaFX Application Thread org.jboss.weld.Bootstrap - WELD-000106: Bean: Implicit Bean [javax.enterprise.inject.spi.Bean] with qualifiers [@Default]
DEBUG JavaFX Application Thread org.jboss.weld.Bootstrap - WELD-000106: Bean: WELD%AbstractBuiltInBean%C:\Users\henrique.luiz\git\farma-fx-view\farma-FX-view\target\classes%DependentContext
DEBUG JavaFX Application Thread org.jboss.weld.Bootstrap - WELD-000106: Bean: WELD%AbstractBuiltInBean%C:\Users\henrique.luiz\git\farma-fx-view\farma-FX-view\target\classes%SingletonContext
DEBUG JavaFX Application Thread org.jboss.weld.Bootstrap - WELD-000106: Bean: WELD%AbstractBuiltInBean%C:\Users\henrique.luiz\git\farma-fx-view\farma-FX-view\target\classes%BoundConversationContext
DEBUG JavaFX Application Thread org.jboss.weld.Bootstrap - WELD-000106: Bean: Managed Bean [class br.com.datarey.sys.menu.Menu] with qualifiers [@Any @Default]
DEBUG JavaFX Application Thread org.jboss.weld.Bootstrap - WELD-000106: Bean: Managed Bean [class br.com.datarey.Start] with qualifiers [@Any @Default]
DEBUG JavaFX Application Thread org.jboss.weld.Bootstrap - WELD-000106: Bean: Implicit Bean [javax.enterprise.inject.Instance] with qualifiers [@Default]
DEBUG JavaFX Application Thread org.jboss.weld.Bootstrap - WELD-000106: Bean: Managed Bean [class br.com.datarey.sys.usuario.CadastroUsuarioController] with qualifiers [@Any @Default]
DEBUG JavaFX Application Thread org.jboss.weld.Bootstrap - WELD-000106: Bean: WELD%AbstractBuiltInBean%C:\Users\henrique.luiz\git\farma-fx-view\farma-FX-view\target\classes%BoundSessionContext
DEBUG JavaFX Application Thread org.jboss.weld.Bootstrap - WELD-000106: Bean: Implicit Bean [javax.enterprise.inject.spi.Bean] with qualifiers [@Intercepted]
DEBUG JavaFX Application Thread org.jboss.weld.Bootstrap - WELD-000106: Bean: Implicit Bean [javax.enterprise.inject.spi.InjectionPoint] with qualifiers [@Default]
DEBUG JavaFX Application Thread org.jboss.weld.Bootstrap - WELD-000106: Bean: WELD%AbstractBuiltInBean%C:\Users\henrique.luiz\git\farma-fx-view\farma-FX-view\target\classes%BoundRequestContext
DEBUG JavaFX Application Thread org.jboss.weld.Bootstrap - WELD-000106: Bean: WELD%AbstractBuiltInBean%C:\Users\henrique.luiz\git\farma-fx-view\farma-FX-view\target\classes%RequestContext
DEBUG JavaFX Application Thread org.jboss.weld.Bootstrap - WELD-000106: Bean: WELD%AbstractBuiltInBean%C:\Users\henrique.luiz\git\farma-fx-view\farma-FX-view\target\classes%ApplicationContext
DEBUG JavaFX Application Thread org.jboss.weld.Bootstrap - WELD-000106: Bean: ValidatorFactoryBean [id=org.hibernate.validator.internal.cdi.ValidatorFactoryBean_default]
DEBUG JavaFX Application Thread org.jboss.weld.Bootstrap - WELD-000106: Bean: ValidatorBean [id=org.hibernate.validator.internal.cdi.ValidatorBean_hv]
DEBUG JavaFX Application Thread org.jboss.weld.Bootstrap - WELD-000100: Weld initialized. Validating beans
DEBUG JavaFX Application Thread org.jboss.weld.Reflection - WELD-000620: interface javax.enterprise.inject.Decorated is not declared @Target(METHOD, FIELD, PARAMETER, TYPE). Weld will use this annotation, however this may make the application unportable.
DEBUG JavaFX Application Thread org.jboss.weld.Reflection - WELD-000620: interface javax.enterprise.inject.Intercepted is not declared @Target(METHOD, FIELD, PARAMETER, TYPE). Weld will use this annotation, however this may make the application unportable.
ERROR JavaFX Application Thread br.com.datarey.frame.base.BaseWindow - java.io.FileNotFoundException: file:\C:\Users\henrique.luiz\git\farma-fx-view\farma-FX-view\target\classes\br\com\datarey\sys\menu\menu.fxml (A sintaxe do nome do arquivo, do nome do diretório ou do rótulo do volume está incorreta)
